# JRE version: Java(TM) SE Runtime Environment (11.0.6+8) (build 11.0.6+8-LTS)
# Java VM: Java HotSpot(TM) 64-Bit Server VM (11.0.6+8-LTS, mixed mode, tiered, compressed oops, g1 gc, windows-amd64)
Heap:
 garbage-first heap   total 122880K, used 90853K [0x0000000088e00000, 0x0000000100000000)
  region size 1024K, 11 young (11264K), 1 survivors (1024K)
 Metaspace       used 15502K, capacity 15723K, committed 15872K, reserved 1062912K
  class space    used 1386K, capacity 1483K, committed 1536K, reserved 1048576K
GC Heap History (10 events):
Event: 8.702 GC heap before
{Heap before GC invocations=7 (full 0):
 garbage-first heap   total 122880K, used 98284K [0x0000000088e00000, 0x0000000100000000)
  region size 1024K, 17 young (17408K), 1 survivors (1024K)
 Metaspace       used 15432K, capacity 15659K, committed 15872K, reserved 1062912K
  class space    used 1382K, capacity 1483K, committed 1536K, reserved 1048576K
}
Event: 8.704 GC heap after
{Heap after GC invocations=8 (full 0):
 garbage-first heap   total 122880K, used 81659K [0x0000000088e00000, 0x0000000100000000)
  region size 1024K, 1 young (1024K), 1 survivors (1024K)
 Metaspace       used 15432K, capacity 15659K, committed 15872K, reserved 1062912K
  class space    used 1382K, capacity 1483K, committed 1536K, reserved 1048576K
}
Event: 8.757 GC heap before
{Heap before GC invocations=9 (full 0):
 garbage-first heap   total 122880K, used 100091K [0x0000000088e00000, 0x0000000100000000)
  region size 1024K, 19 young (19456K), 1 survivors (1024K)
 Metaspace       used 15432K, capacity 15659K, committed 15872K, reserved 1062912K
  class space    used 1382K, capacity 1483K, committed 1536K, reserved 1048576K
}
Event: 8.758 GC heap after
{Heap after GC invocations=10 (full 0):
 garbage-first heap   total 122880K, used 81663K [0x0000000088e00000, 0x0000000100000000)
  region size 1024K, 1 young (1024K), 1 survivors (1024K)
 Metaspace       used 15432K, capacity 15659K, committed 15872K, reserved 1062912K
  class space    used 1382K, capacity 1483K, committed 1536K, reserved 1048576K
}
Event: 8.802 GC heap before
{Heap before GC invocations=10 (full 0):
 garbage-first heap   total 122880K, used 101119K [0x0000000088e00000, 0x0000000100000000)
  region size 1024K, 20 young (20480K), 1 survivors (1024K)
 Metaspace       used 15432K, capacity 15659K, committed 15872K, reserved 1062912K
  class space    used 1382K, capacity 1483K, committed 1536K, reserved 1048576K
}
Event: 8.805 GC heap after
{Heap after GC invocations=11 (full 0):
 garbage-first heap   total 122880K, used 81628K [0x0000000088e00000, 0x0000000100000000)
  region size 1024K, 1 young (1024K), 1 survivors (1024K)
 Metaspace       used 15432K, capacity 15659K, committed 15872K, reserved 1062912K
  class space    used 1382K, capacity 1483K, committed 1536K, reserved 1048576K
}
Event: 8.865 GC heap before
{Heap before GC invocations=12 (full 0):
 garbage-first heap   total 122880K, used 102108K [0x0000000088e00000, 0x0000000100000000)
  region size 1024K, 21 young (21504K), 1 survivors (1024K)
 Metaspace       used 15432K, capacity 15659K, committed 15872K, reserved 1062912K
  class space    used 1382K, capacity 1483K, committed 1536K, reserved 1048576K
}
Event: 8.866 GC heap after
{Heap after GC invocations=13 (full 0):
 garbage-first heap   total 122880K, used 81623K [0x0000000088e00000, 0x0000000100000000)
  region size 1024K, 1 young (1024K), 1 survivors (1024K)
 Metaspace       used 15432K, capacity 15659K, committed 15872K, reserved 1062912K
  class space    used 1382K, capacity 1483K, committed 1536K, reserved 1048576K
}
Event: 8.923 GC heap before
{Heap before GC invocations=13 (full 0):
 garbage-first heap   total 122880K, used 103127K [0x0000000088e00000, 0x0000000100000000)
  region size 1024K, 22 young (22528K), 1 survivors (1024K)
 Metaspace       used 15432K, capacity 15659K, committed 15872K, reserved 1062912K
  class space    used 1382K, capacity 1483K, committed 1536K, reserved 1048576K
}
Event: 8.924 GC heap after
{Heap after GC invocations=14 (full 0):
 garbage-first heap   total 122880K, used 81637K [0x0000000088e00000, 0x0000000100000000)
  region size 1024K, 1 young (1024K), 1 survivors (1024K)
 Metaspace       used 15432K, capacity 15659K, committed 15872K, reserved 1062912K
  class space    used 1382K, capacity 1483K, committed 1536K, reserved 1048576K
}

